This is METAFONT, Version 2.7182818 (TeX Live 2018) (preloaded base=mf 2019.4.25)  9 MAR 2020 16:19
**cst-hw-920.png cst-hw-asr920.png
(cst-hw-920.png
! Text line contains an invalid character.
l.1 ‰
     PNG
? quit
OK, entering batchmode...

! Interruption.
<to be read again> 
                   PNG
l.1 ‰PNG
        
? quit
OK, entering batchmode...
! Text line contains an invalid character.
l.2 ^^Z
       
A funny symbol that I can't read has just been input.
Continue, and I'll forget that it ever happened.

! Text line contains an invalid character.
l.3 ^^@
       ^^@^^@
A funny symbol that I can't read has just been input.
Continue, and I'll forget that it ever happened.

! Text line contains an invalid character.
l.3 ^^@^^@
          ^^@
A funny symbol that I can't read has just been input.
Continue, and I'll forget that it ever happened.

! Text line contains an invalid character.
l.3 ^^@^^@^^@
             
A funny symbol that I can't read has just been input.
Continue, and I'll forget that it ever happened.

! Text line contains an invalid character.
l.4 IHDR^^@
           ^^@^^B^^O^^@^^@^^A^^C^^H^^F^^@^^@^^@²^^OçD^^@^^@
A funny symbol that I can't read has just been input.
Continue, and I'll forget that it ever happened.

! Text line contains an invalid character.
l.4 IHDR^^@^^@
              ^^B^^O^^@^^@^^A^^C^^H^^F^^@^^@^^@²^^OçD^^@^^@
A funny symbol that I can't read has just been input.
Continue, and I'll forget that it ever happened.

! Text line contains an invalid character.
l.4 IHDR^^@^^@^^B
                 ^^O^^@^^@^^A^^C^^H^^F^^@^^@^^@²^^OçD^^@^^@
A funny symbol that I can't read has just been input.
Continue, and I'll forget that it ever happened.

! Text line contains an invalid character.
l.4 IHDR^^@^^@^^B^^O
                    ^^@^^@^^A^^C^^H^^F^^@^^@^^@²^^OçD^^@^^@
A funny symbol that I can't read has just been input.
Continue, and I'll forget that it ever happened.

! Text line contains an invalid character.
l.4 IHDR^^@^^@^^B^^O^^@
                       ^^@^^A^^C^^H^^F^^@^^@^^@²^^OçD^^@^^@
A funny symbol that I can't read has just been input.
Continue, and I'll forget that it ever happened.

! Text line contains an invalid character.
l.4 IHDR^^@^^@^^B^^O^^@^^@
                          ^^A^^C^^H^^F^^@^^@^^@²^^OçD^^@^^@
A funny symbol that I can't read has just been input.
Continue, and I'll forget that it ever happened.

! Text line contains an invalid character.
l.4 IHDR^^@^^@^^B^^O^^@^^@^^A
                             ^^C^^H^^F^^@^^@^^@²^^OçD^^@^^@
A funny symbol that I can't read has just been input.
Continue, and I'll forget that it ever happened.

! Text line contains an invalid character.
l.4 IHDR^^@^^@^^B^^O^^@^^@^^A^^C
                                ^^H^^F^^@^^@^^@²^^OçD^^@^^@
A funny symbol that I can't read has just been input.
Continue, and I'll forget that it ever happened.

! Text line contains an invalid character.
l.4 IHDR^^@^^@^^B^^O^^@^^@^^A^^C^^H
                                   ^^F^^@^^@^^@²^^OçD^^@^^@
A funny symbol that I can't read has just been input.
Continue, and I'll forget that it ever happened.

! Text line contains an invalid character.
l.4 IHDR^^@^^@^^B^^O^^@^^@^^A^^C^^H^^F
                                      ^^@^^@^^@²^^OçD^^@^^@
A funny symbol that I can't read has just been input.
Continue, and I'll forget that it ever happened.

! Text line contains an invalid character.
l.4 IHDR^^@^^@^^B^^O^^@^^@^^A^^C^^H^^F^^@
                                         ^^@^^@²^^OçD^^@^^@
A funny symbol that I can't read has just been input.
Continue, and I'll forget that it ever happened.

! Text line contains an invalid character.
l.4 IHDR^^@^^@^^B^^O^^@^^@^^A^^C^^H^^F^^@^^@
                                            ^^@²^^OçD^^@^^@
A funny symbol that I can't read has just been input.
Continue, and I'll forget that it ever happened.

! Text line contains an invalid character.
l.4 IHDR^^@^^@^^B^^O^^@^^@^^A^^C^^H^^F^^@^^@^^@
                                               ²^^OçD^^@^^@
A funny symbol that I can't read has just been input.
Continue, and I'll forget that it ever happened.

! Text line contains an invalid character.
l.4 IHDR^^@^^@^^B^^O^^@^^@^^A^^C^^H^^F^^@^^@^^@²
                                                ^^OçD^^@^^@
A funny symbol that I can't read has just been input.
Continue, and I'll forget that it ever happened.

! Text line contains an invalid character.
l.4 ...^^@^^@^^B^^O^^@^^@^^A^^C^^H^^F^^@^^@^^@²^^O
                                                  çD^^@^^@
A funny symbol that I can't read has just been input.
Continue, and I'll forget that it ever happened.

! Text line contains an invalid character.
l.4 ...^@^^@^^B^^O^^@^^@^^A^^C^^H^^F^^@^^@^^@²^^Oç
                                                  D^^@^^@
A funny symbol that I can't read has just been input.
Continue, and I'll forget that it ever happened.

! Text line contains an invalid character.
l.4 ...@^^B^^O^^@^^@^^A^^C^^H^^F^^@^^@^^@²^^OçD^^@
                                                  ^^@
A funny symbol that I can't read has just been input.
Continue, and I'll forget that it ever happened.

! Text line contains an invalid character.
l.4 ...B^^O^^@^^@^^A^^C^^H^^F^^@^^@^^@²^^OçD^^@^^@
                                                  
A funny symbol that I can't read has just been input.
Continue, and I'll forget that it ever happened.

! Text line contains an invalid character.
l.5 Ä
     iCCPICC Profile^^@^^@H‰•—^^GT“Ù^^R€ïÿÿé…^^V^^HEJè^^]éUJè^^A^^D¤ƒ^^D^^...
A funny symbol that I can't read has just been input.
Continue, and I'll forget that it ever happened.

! Text line contains an invalid character.
l.5 ÄiCCPICC Profile^^@
                       ^^@H‰•—^^GT“Ù^^R€ïÿÿé…^^V^^HEJè^^]éUJè^^A^^D¤ƒ^^D^^...
A funny symbol that I can't read has just been input.
Continue, and I'll forget that it ever happened.

! Text line contains an invalid character.
l.5 ÄiCCPICC Profile^^@^^@
                          H‰•—^^GT“Ù^^R€ïÿÿé…^^V^^HEJè^^]éUJè^^A^^D¤ƒ^^D^^...
A funny symbol that I can't read has just been input.
Continue, and I'll forget that it ever happened.

! Text line contains an invalid character.
l.5 ÄiCCPICC Profile^^@^^@H‰
                            •—^^GT“Ù^^R€ïÿÿé…^^V^^HEJè^^]éUJè^^A^^D¤ƒ^^D^^...
A funny symbol that I can't read has just been input.
Continue, and I'll forget that it ever happened.

! Text line contains an invalid character.
l.5 ÄiCCPICC Profile^^@^^@H‰•
                             —^^GT“Ù^^R€ïÿÿé…^^V^^HEJè^^]éUJè^^A^^D¤ƒ^^D^^...
A funny symbol that I can't read has just been input.
Continue, and I'll forget that it ever happened.

! Text line contains an invalid character.
l.5 ÄiCCPICC Profile^^@^^@H‰•—
                              ^^GT“Ù^^R€ïÿÿé…^^V^^HEJè^^]éUJè^^A^^D¤ƒ^^D^^...
A funny symbol that I can't read has just been input.
Continue, and I'll forget that it ever happened.

! Text line contains an invalid character.
l.5 ÄiCCPICC Profile^^@^^@H‰•—^^G
                                 T“Ù^^R€ïÿÿé…^^V^^HEJè^^]éUJè^^A^^D¤ƒ^^D^^...
A funny symbol that I can't read has just been input.
Continue, and I'll forget that it ever happened.

! Text line contains an invalid character.
l.5 ÄiCCPICC Profile^^@^^@H‰•—^^GT“
                                   Ù^^R€ïÿÿé…^^V^^HEJè^^]éUJè^^A^^D¤ƒ^^D^^...
A funny symbol that I can't read has just been input.
Continue, and I'll forget that it ever happened.

! Text line contains an invalid character.
l.5 ÄiCCPICC Profile^^@^^@H‰•—^^GT“Ù
                                    ^^R€ïÿÿé…^^V^^HEJè^^]éUJè^^A^^D¤ƒ^^D^^...
A funny symbol that I can't read has just been input.
Continue, and I'll forget that it ever happened.

! Text line contains an invalid character.
l.5 ÄiCCPICC Profile^^@^^@H‰•—^^GT“Ù^^R
                                       €ïÿÿé…^^V^^HEJè^^]éUJè^^A^^D¤ƒ^^D^^...
A funny symbol that I can't read has just been input.
Continue, and I'll forget that it ever happened.

! Text line contains an invalid character.
l.5 ÄiCCPICC Profile^^@^^@H‰•—^^GT“Ù^^R€
                                        ïÿÿé…^^V^^HEJè^^]éUJè^^A^^D¤ƒ^^D^^...
A funny symbol that I can't read has just been input.
Continue, and I'll forget that it ever happened.

! Text line contains an invalid character.
l.5 ÄiCCPICC Profile^^@^^@H‰•—^^GT“Ù^^R€ï
                                         ÿÿé…^^V^^HEJè^^]éUJè^^A^^D¤ƒ^^D^^...
A funny symbol that I can't read has just been input.
Continue, and I'll forget that it ever happened.

! Text line contains an invalid character.
l.5 ÄiCCPICC Profile^^@^^@H‰•—^^GT“Ù^^R€ïÿ
                                          ÿé…^^V^^HEJè^^]éUJè^^A^^D¤ƒ^^D^^...
A funny symbol that I can't read has just been input.
Continue, and I'll forget that it ever happened.

! Text line contains an invalid character.
l.5 ÄiCCPICC Profile^^@^^@H‰•—^^GT“Ù^^R€ïÿÿ
                                           é…^^V^^HEJè^^]éUJè^^A^^D¤ƒ^^D^^...
A funny symbol that I can't read has just been input.
Continue, and I'll forget that it ever happened.

! Text line contains an invalid character.
l.5 ÄiCCPICC Profile^^@^^@H‰•—^^GT“Ù^^R€ïÿÿé
                                            …^^V^^HEJè^^]éUJè^^A^^D¤ƒ^^D^^...
A funny symbol that I can't read has just been input.
Continue, and I'll forget that it ever happened.

! Text line contains an invalid character.
l.5 ÄiCCPICC Profile^^@^^@H‰•—^^GT“Ù^^R€ïÿÿé…
                                             ^^V^^HEJè^^]éUJè^^A^^D¤ƒ^^D^^...
A funny symbol that I can't read has just been input.
Continue, and I'll forget that it ever happened.

! Text line contains an invalid character.
l.5 ÄiCCPICC Profile^^@^^@H‰•—^^GT“Ù^^R€ïÿÿé…^^V
                                                ^^HEJè^^]éUJè^^A^^D¤ƒ^^D^^...
A funny symbol that I can't read has just been input.
Continue, and I'll forget that it ever happened.

! Text line contains an invalid character.
l.5 ...PICC Profile^^@^^@H‰•—^^GT“Ù^^R€ïÿÿé…^^V^^H
                                                  EJè^^]éUJè^^A^^D¤ƒ^^D^^R...
A funny symbol that I can't read has just been input.
Continue, and I'll forget that it ever happened.

! Text line contains an invalid character.
l.5 ...C Profile^^@^^@H‰•—^^GT“Ù^^R€ïÿÿé…^^V^^HEJè
                                                  ^^]éUJè^^A^^D¤ƒ^^D^^RJˆ	...
A funny symbol that I can't read has just been input.
Continue, and I'll forget that it ever happened.

! Text line contains an invalid character.
l.5 ...rofile^^@^^@H‰•—^^GT“Ù^^R€ïÿÿé…^^V^^HEJè^^]
                                                  éUJè^^A^^D¤ƒ^^D^^RJˆ	AEì...
A funny symbol that I can't read has just been input.
Continue, and I'll forget that it ever happened.

! Text line contains an invalid character.
l.5 ...ofile^^@^^@H‰•—^^GT“Ù^^R€ïÿÿé…^^V^^HEJè^^]é
                                                  UJè^^A^^D¤ƒ^^D^^RJˆ	AEì,...
A funny symbol that I can't read has just been input.
Continue, and I'll forget that it ever happened.

! Text line contains an invalid character.
l.5 ...le^^@^^@H‰•—^^GT“Ù^^R€ïÿÿé…^^V^^HEJè^^]éUJè
                                                  ^^A^^D¤ƒ^^D^^RJˆ	AEì,®àZ...
A funny symbol that I can't read has just been input.
Continue, and I'll forget that it ever happened.

! Text line contains an invalid character.
l.5 ...^@^^@H‰•—^^GT“Ù^^R€ïÿÿé…^^V^^HEJè^^]éUJè^^A
                                                  ^^D¤ƒ^^D^^RJˆ	AEì,®àZP^^...
A funny symbol that I can't read has just been input.
Continue, and I'll forget that it ever happened.

! Text line contains an invalid character.
l.5 ...^@H‰•—^^GT“Ù^^R€ïÿÿé…^^V^^HEJè^^]éUJè^^A^^D
                                                  ¤ƒ^^D^^RJˆ	AEì,®àZP^^QAE...
A funny symbol that I can't read has just been input.
Continue, and I'll forget that it ever happened.

! Text line contains an invalid character.
l.5 ...@H‰•—^^GT“Ù^^R€ïÿÿé…^^V^^HEJè^^]éUJè^^A^^D¤
                                                  ƒ^^D^^RJˆ	AEì,®àZP^^QAEĞ...
A funny symbol that I can't read has just been input.
Continue, and I'll forget that it ever happened.

! Text line contains an invalid character.
l.5 ...H‰•—^^GT“Ù^^R€ïÿÿé…^^V^^HEJè^^]éUJè^^A^^D¤ƒ
                                                  ^^D^^RJˆ	AEì,®àZP^^QAEĞE...
A funny symbol that I can't read has just been input.
Continue, and I'll forget that it ever happened.

! Text line contains an invalid character.
l.5 ...‰•—^^GT“Ù^^R€ïÿÿé…^^V^^HEJè^^]éUJè^^A^^D¤ƒ
                                                  ^^D^^RJˆ	AEì,®àZP^^QAEĞE^...
A funny symbol that I can't read has just been input.
Continue, and I'll forget that it ever happened.

! Text line contains an invalid character.
l.5 ...•—^^GT“Ù^^R€ïÿÿé…^^V^^HEJè^^]éUJè^^A^^D¤ƒ
                                                  ^^D^^RJˆ	AEì,®àZP^^QAEĞE^^...
A funny symbol that I can't read has just been input.
Continue, and I'll forget that it ever happened.

! Text line contains an invalid character.
l.5 ...^GT“Ù^^R€ïÿÿé…^^V^^HEJè^^]éUJè^^A^^D¤ƒ^^D
                                                  ^^RJˆ	AEì,®àZP^^QAEĞE^^A^^...
A funny symbol that I can't read has just been input.
Continue, and I'll forget that it ever happened.

! Text line contains an invalid character.
l.5 ...“Ù^^R€ïÿÿé…^^V^^HEJè^^]éUJè^^A^^D¤ƒ^^D^^R
                                                  Jˆ	AEì,®àZP^^QAEĞE^^A^^E×^^Bˆ
A funny symbol that I can't read has just been input.
Continue, and I'll forget that it ever happened.

! Text line contains an invalid character.
l.5 ...^^R€ïÿÿé…^^V^^HEJè^^]éUJè^^A^^D¤ƒ^^D^^RJˆ
                                                  	AEì,®àZP^^QAEĞE^^A^^E×^^Bˆ
A funny symbol that I can't read has just been input.
Continue, and I'll forget that it ever happened.

! Text line contains an invalid character.
l.5 ...ïÿÿé…^^V^^HEJè^^]éUJè^^A^^D¤ƒ^^D^^RJˆ	AEì
                                                  ,®àZP^^QAEĞE^^A^^E×^^Bˆ
A funny symbol that I can't read has just been input.
Continue, and I'll forget that it ever happened.

>> PNG.IHDR.D.iCCPICC.Profile.H.T.EJ.UJ.J.AE
! Isolated expression.
<to be read again> 
                   ,
l.5 ...ÿÿé…^^V^^HEJè^^]éUJè^^A^^D¤ƒ^^D^^RJˆ	AEì,
                                                  ®àZP^^QAEĞE^^A^^E×^^Bˆ
I couldn't find an `=' or `:=' after the
expression that is shown above this error message,
so I guess I'll just ignore it and carry on.

! Extra tokens will be flushed.
<to be read again> 
                   ,
l.5 ...ÿÿé…^^V^^HEJè^^]éUJè^^A^^D¤ƒ^^D^^RJˆ	AEì,
                                                  ®àZP^^QAEĞE^^A^^E×^^Bˆ
I've just read as much of that statement as I could fathom,
so a semicolon should have been next. It's very puzzling...
but I'll try to get myself back together, by ignoring
everything up to the next `;'. Please insert a semicolon
now in front of anything that you don't want me to delete.
(See Chapter 27 of The METAFONTbook for an example.)

! Text line contains an invalid character.
l.5 ...ÿé…^^V^^HEJè^^]éUJè^^A^^D¤ƒ^^D^^RJˆ	AEì,®
                                                  àZP^^QAEĞE^^A^^E×^^Bˆ
A funny symbol that I can't read has just been input.
Continue, and I'll forget that it ever happened.

! Text line contains an invalid character.
l.5 ...é…^^V^^HEJè^^]éUJè^^A^^D¤ƒ^^D^^RJˆ	AEì,®à
                                                  ZP^^QAEĞE^^A^^E×^^Bˆ
A funny symbol that I can't read has just been input.
Continue, and I'll forget that it ever happened.

! Text line contains an invalid character.
l.5 ...^^HEJè^^]éUJè^^A^^D¤ƒ^^D^^RJˆ	AEì,®àZP^^Q
                                                  AEĞE^^A^^E×^^Bˆ
A funny symbol that I can't read has just been input.
Continue, and I'll forget that it ever happened.

! Text line contains an invalid character.
l.5 ...EJè^^]éUJè^^A^^D¤ƒ^^D^^RJˆ	AEì,®àZP^^QAEĞ
                                                  E^^A^^E×^^Bˆ
A funny symbol that I can't read has just been input.
Continue, and I'll forget that it ever happened.

! Text line contains an invalid character.
l.5 ...^]éUJè^^A^^D¤ƒ^^D^^RJˆ	AEì,®àZP^^QAEĞE^^A
                                                  ^^E×^^Bˆ
A funny symbol that I can't read has just been input.
Continue, and I'll forget that it ever happened.

! Text line contains an invalid character.
l.5 ...UJè^^A^^D¤ƒ^^D^^RJˆ	AEì,®àZP^^QAEĞE^^A^^E
                                                  ×^^Bˆ
A funny symbol that I can't read has just been input.
Continue, and I'll forget that it ever happened.

! Text line contains an invalid character.
l.5 ...Jè^^A^^D¤ƒ^^D^^RJˆ	AEì,®àZP^^QAEĞE^^A^^E×
                                                  ^^Bˆ
A funny symbol that I can't read has just been input.
Continue, and I'll forget that it ever happened.

! Text line contains an invalid character.
l.5 ...^A^^D¤ƒ^^D^^RJˆ	AEì,®àZP^^QAEĞE^^A^^E×^^B
                                                  ˆ
A funny symbol that I can't read has just been input.
Continue, and I'll forget that it ever happened.

! Text line contains an invalid character.
l.5 ...A^^D¤ƒ^^D^^RJˆ	AEì,®àZP^^QAEĞE^^A^^E×^^Bˆ
                                                  
A funny symbol that I can't read has just been input.
Continue, and I'll forget that it ever happened.

! Text line contains an invalid character.
l.6 ±
     `[^^T^^[ö
A funny symbol that I can't read has just been input.
Continue, and I'll forget that it ever happened.

! Text line contains an invalid character.
l.6 ±`[^^T
          ^^[ö
A funny symbol that I can't read has just been input.
Continue, and I'll forget that it ever happened.

! Text line contains an invalid character.
l.6 ±`[^^T^^[
             ö
A funny symbol that I can't read has just been input.
Continue, and I'll forget that it ever happened.

! Text line contains an invalid character.
l.6 ±`[^^T^^[ö
              
A funny symbol that I can't read has just been input.
Continue, and I'll forget that it ever happened.

! Text line contains an invalid character.
l.7 ²
     ^^H¨ëb^^A*ï^^G^^^a÷½óŞ;oræÜ/“¹3sï¹sÎ^^D^^@*-^^ReÂJ^^@d	sÄQA¾Œ„Ä$^^Fşw...
A funny symbol that I can't read has just been input.
Continue, and I'll forget that it ever happened.

! Text line contains an invalid character.
l.7 ²^^H
        ¨ëb^^A*ï^^G^^^a÷½óŞ;oræÜ/“¹3sï¹sÎ^^D^^@*-^^ReÂJ^^@d	sÄQA¾Œ„Ä$^^Fşw...
A funny symbol that I can't read has just been input.
Continue, and I'll forget that it ever happened.

! Text line contains an invalid character.
l.7 ²^^H¨
         ëb^^A*ï^^G^^^a÷½óŞ;oræÜ/“¹3sï¹sÎ^^D^^@*-^^ReÂJ^^@d	sÄQA¾Œ„Ä$^^Fşw...
A funny symbol that I can't read has just been input.
Continue, and I'll forget that it ever happened.

! Text line contains an invalid character.
l.7 ²^^H¨ë
          b^^A*ï^^G^^^a÷½óŞ;oræÜ/“¹3sï¹sÎ^^D^^@*-^^ReÂJ^^@d	sÄQA¾Œ„Ä$^^Fşw...
A funny symbol that I can't read has just been input.
Continue, and I'll forget that it ever happened.

! Text line contains an invalid character.
l.7 ²^^H¨ëb^^A
              *ï^^G^^^a÷½óŞ;oræÜ/“¹3sï¹sÎ^^D^^@*-^^ReÂJ^^@d	sÄQA¾Œ„Ä$^^Fşw...
A funny symbol that I can't read has just been input.
Continue, and I'll forget that it ever happened.

! Text line contains an invalid character.
l.7 ²^^H¨ëb^^A
               *ï^^G^^^a÷½óŞ;oræÜ/“¹3sï¹sÎ^^D^^@*-^^ReÂJ^^@d	sÄQA¾Œ„Ä$^^Fşw...
A funny symbol that I can't read has just been input.
Continue, and I'll forget that it ever happened.

! Text line contains an invalid character.
l.7 ²^^H¨ëb^^A*ï
                 ^^G^^^a÷½óŞ;oræÜ/“¹3sï¹sÎ^^D^^@*-^^ReÂJ^^@d	sÄQA¾Œ„Ä$^^Fşw...
A funny symbol that I can't read has just been input.
Continue, and I'll forget that it ever happened.

! Text line contains an invalid character.
l.7 ²^^H¨ëb^^A*ï^^G
                    ^^^a÷½óŞ;oræÜ/“¹3sï¹sÎ^^D^^@*-^^ReÂJ^^@d	sÄQA¾Œ„Ä$^^Fşw...
A funny symbol that I can't read has just been input.
Continue, and I'll forget that it ever happened.

! Text line contains an invalid character.
l.7 ²^^H¨ëb^^A*ï^^G^^^
                       a÷½óŞ;oræÜ/“¹3sï¹sÎ^^D^^@*-^^ReÂJ^^@d	sÄQA¾Œ„Ä$^^Fşw...
A funny symbol that I can't read has just been input.
Continue, and I'll forget that it ever happened.

! Text line contains an invalid character.
l.7 ²^^H¨ëb^^A*ï^^G^^^a÷
                         ½óŞ;oræÜ/“¹3sï¹sÎ^^D^^@*-^^ReÂJ^^@d	sÄQA¾Œ„Ä$^^Fşw...
A funny symbol that I can't read has just been input.
Continue, and I'll forget that it ever happened.

! Text line contains an invalid character.
l.7 ²^^H¨ëb^^A*ï^^G^^^a÷½
                          óŞ;oræÜ/“¹3sï¹sÎ^^D^^@*-^^ReÂJ^^@d	sÄQA¾Œ„Ä$^^Fşw...
A funny symbol that I can't read has just been input.
Continue, and I'll forget that it ever happened.

! Text line contains an invalid character.
l.7 ²^^H¨ëb^^A*ï^^G^^^a÷½ó
                           Ş;oræÜ/“¹3sï¹sÎ^^D^^@*-^^ReÂJ^^@d	sÄQA¾Œ„Ä$^^Fşw...
A funny symbol that I can't read has just been input.
Continue, and I'll forget that it ever happened.

! Text line contains an invalid character.
l.7 ²^^H¨ëb^^A*ï^^G^^^a÷½óŞ
                            ;oræÜ/“¹3sï¹sÎ^^D^^@*-^^ReÂJ^^@d	sÄQA¾Œ„Ä$^^Fşw...
A funny symbol that I can't read has just been input.
Continue, and I'll forget that it ever happened.

! A statement can't begin with `or'.
<to be read again> 
                   or
l.7 ²^^H¨ëb^^A*ï^^G^^^a÷½óŞ;or
                               æÜ/“¹3sï¹sÎ^^D^^@*-^^ReÂJ^^@d	sÄQA¾Œ„Ä$^^Fşw...
I was looking for the beginning of a new statement.
If you just proceed without changing anything, I'll ignore
everything up to the next `;'. Please insert a semicolon
now in front of anything that you don't want me to delete.
(See Chapter 27 of The METAFONTbook for an example.)

! Extra tokens will be flushed.
<to be read again> 
                   or
l.7 ²^^H¨ëb^^A*ï^^G^^^a÷½óŞ;or
                               æÜ/“¹3sï¹sÎ^^D^^@*-^^ReÂJ^^@d	sÄQA¾Œ„Ä$^^Fşw...
I've just read as much of that statement as I could fathom,
so a semicolon should have been next. It's very puzzling...
but I'll try to get myself back together, by ignoring
everything up to the next `;'. Please insert a semicolon
now in front of anything that you don't want me to delete.
(See Chapter 27 of The METAFONTbook for an example.)

! Text line contains an invalid character.
l.7 ²^^H¨ëb^^A*ï^^G^^^a÷½óŞ;oræ
                                Ü/“¹3sï¹sÎ^^D^^@*-^^ReÂJ^^@d	sÄQA¾Œ„Ä$^^Fşw...
A funny symbol that I can't read has just been input.
Continue, and I'll forget that it ever happened.

! Text line contains an invalid character.
l.7 ²^^H¨ëb^^A*ï^^G^^^a÷½óŞ;oræÜ
                                 /“¹3sï¹sÎ^^D^^@*-^^ReÂJ^^@d	sÄQA¾Œ„Ä$^^Fşw...
A funny symbol that I can't read has just been input.
Continue, and I'll forget that it ever happened.

! Text line contains an invalid character.
l.7 ²^^H¨ëb^^A*ï^^G^^^a÷½óŞ;oræÜ/“
                                   ¹3sï¹sÎ^^D^^@*-^^ReÂJ^^@d	sÄQA¾Œ„Ä$^^Fşw...
A funny symbol that I can't read has just been input.
Continue, and I'll forget that it ever happened.

! Text line contains an invalid character.
l.7 ²^^H¨ëb^^A*ï^^G^^^a÷½óŞ;oræÜ/“¹
                                    3sï¹sÎ^^D^^@*-^^ReÂJ^^@d	sÄQA¾Œ„Ä$^^Fşw...
A funny symbol that I can't read has just been input.
Continue, and I'll forget that it ever happened.

! Text line contains an invalid character.
l.7 ²^^H¨ëb^^A*ï^^G^^^a÷½óŞ;oræÜ/“¹3sï
                                       ¹sÎ^^D^^@*-^^ReÂJ^^@d	sÄQA¾Œ„Ä$^^Fşw...
A funny symbol that I can't read has just been input.
Continue, and I'll forget that it ever happened.

! Text line contains an invalid character.
l.7 ²^^H¨ëb^^A*ï^^G^^^a÷½óŞ;oræÜ/“¹3sï¹
                                        sÎ^^D^^@*-^^ReÂJ^^@d	sÄQA¾Œ„Ä$^^Fşw...
A funny symbol that I can't read has just been input.
Continue, and I'll forget that it ever happened.

! Text line contains an invalid character.
l.7 ²^^H¨ëb^^A*ï^^G^^^a÷½óŞ;oræÜ/“¹3sï¹sÎ
                                          ^^D^^@*-^^ReÂJ^^@d	sÄQA¾Œ„Ä$^^Fşw...
A funny symbol that I can't read has just been input.
Continue, and I'll forget that it ever happened.

! Text line contains an invalid character.
l.7 ²^^H¨ëb^^A*ï^^G^^^a÷½óŞ;oræÜ/“¹3sï¹sÎ^^D
                                             ^^@*-^^ReÂJ^^@d	sÄQA¾Œ„Ä$^^Fşw...
A funny symbol that I can't read has just been input.
Continue, and I'll forget that it ever happened.

! Text line contains an invalid character.
l.7 ²^^H¨ëb^^A*ï^^G^^^a÷½óŞ;oræÜ/“¹3sï¹sÎ^^D^^@
                                                *-^^ReÂJ^^@d	sÄQA¾Œ„Ä$^^Fşw...
A funny symbol that I can't read has just been input.
Continue, and I'll forget that it ever happened.

! Text line contains an invalid character.
l.7 ²^^H¨ëb^^A*ï^^G^^^a÷½óŞ;oræÜ/“¹3sï¹sÎ^^D^^@*
                                                  -^^ReÂJ^^@d	sÄQA¾Œ„Ä$^^Fşw...
A funny symbol that I can't read has just been input.
Continue, and I'll forget that it ever happened.

! Text line contains an invalid character.
l.7 ...^^A*ï^^G^^^a÷½óŞ;oræÜ/“¹3sï¹sÎ^^D^^@*-^^R
                                                  eÂJ^^@d	sÄQA¾Œ„Ä$^^Fşw^^@^...
A funny symbol that I can't read has just been input.
Continue, and I'll forget that it ever happened.

! Text line contains an invalid character.
l.7 ...A*ï^^G^^^a÷½óŞ;oræÜ/“¹3sï¹sÎ^^D^^@*-^^ReÂ
                                                  J^^@d	sÄQA¾Œ„Ä$^^Fşw^^@^^C...
A funny symbol that I can't read has just been input.
Continue, and I'll forget that it ever happened.

! Text line contains an invalid character.
l.7 ...^^G^^^a÷½óŞ;oræÜ/“¹3sï¹sÎ^^D^^@*-^^ReÂJ^^@
                                                  d	sÄQA¾Œ„Ä$^^Fşw^^@^^C^^Dà...
A funny symbol that I can't read has just been input.
Continue, and I'll forget that it ever happened.

! Text line contains an invalid character.
l.7 ...^^a÷½óŞ;oræÜ/“¹3sï¹sÎ^^D^^@*-^^ReÂJ^^@d	sÄ
                                                  QA¾Œ„Ä$^^Fşw^^@^^C^^Dà€pd...
A funny symbol that I can't read has just been input.
Continue, and I'll forget that it ever happened.

! Text line contains an invalid character.
l.7 ...÷½óŞ;oræÜ/“¹3sï¹sÎ^^D^^@*-^^ReÂJ^^@d	sÄQA¾
                                                  Œ„Ä$^^Fşw^^@^^C^^Dà€pds$"...
A funny symbol that I can't read has just been input.
Continue, and I'll forget that it ever happened.

! Text line contains an invalid character.
l.7 ...½óŞ;oræÜ/“¹3sï¹sÎ^^D^^@*-^^ReÂJ^^@d	sÄQA¾Œ
                                                  „Ä$^^Fşw^^@^^C^^Dà€pds$"f...
A funny symbol that I can't read has just been input.
Continue, and I'll forget that it ever happened.

! Text line contains an invalid character.
l.7 ...óŞ;oræÜ/“¹3sï¹sÎ^^D^^@*-^^ReÂJ^^@d	sÄQA¾Œ„
                                                  Ä$^^Fşw^^@^^C^^Dà€pds$"fd...
A funny symbol that I can't read has just been input.
Continue, and I'll forget that it ever happened.

! Text line contains an invalid character.
l.7 ...Ş;oræÜ/“¹3sï¹sÎ^^D^^@*-^^ReÂJ^^@d	sÄQA¾Œ„Ä
                                                  $^^Fşw^^@^^C^^Dà€pds$"fdd...
A funny symbol that I can't read has just been input.
Continue, and I'll forget that it ever happened.

! Text line contains an invalid character.
l.7 ...æÜ/“¹3sï¹sÎ^^D^^@*-^^ReÂJ^^@d	sÄQA¾Œ„Ä$^^F
                                                  şw^^@^^C^^Dà€pds$"fdd^^X@...
A funny symbol that I can't read has just been input.
Continue, and I'll forget that it ever happened.

! Text line contains an invalid character.
l.7 ...Ü/“¹3sï¹sÎ^^D^^@*-^^ReÂJ^^@d	sÄQA¾Œ„Ä$^^Fş
                                                  w^^@^^C^^Dà€pds$"fdd^^X@e...
A funny symbol that I can't read has just been input.
Continue, and I'll forget that it ever happened.

! Text line contains an invalid character.
l.7 ...3sï¹sÎ^^D^^@*-^^ReÂJ^^@d	sÄQA¾Œ„Ä$^^Fşw^^@
                                                  ^^C^^Dà€pds$"fdd^^X@ejı»Œ...
A funny symbol that I can't read has just been input.
Continue, and I'll forget that it ever happened.

! Text line contains an invalid character.
l.7 ...¹sÎ^^D^^@*-^^ReÂJ^^@d	sÄQA¾Œ„Ä$^^Fşw^^@^^C
                                                  ^^Dà€pds$"fdd^^X@ejı»ŒÜ^^...
A funny symbol that I can't read has just been input.
Continue, and I'll forget that it ever happened.

! Text line contains an invalid character.
l.7 ...^^D^^@*-^^ReÂJ^^@d	sÄQA¾Œ„Ä$^^Fşw^^@^^C^^D
                                                  à€pds$"fdd^^X@ejı»ŒÜ^^GĞø...
A funny symbol that I can't read has just been input.
Continue, and I'll forget that it ever happened.

! Text line contains an invalid character.
l.7 ...^D^^@*-^^ReÂJ^^@d	sÄQA¾Œ„Ä$^^Fşw^^@^^C^^Dà
                                                  €pds$"fdd^^X@ejı»ŒÜ^^GĞøz...
A funny symbol that I can't read has just been input.
Continue, and I'll forget that it ever happened.

! Text line contains an invalid character.
l.7 ...D^^@*-^^ReÂJ^^@d	sÄQA¾Œ„Ä$^^Fşw^^@^^C^^Dà€
                                                  pds$"fdd^^X@ejı»ŒÜ^^GĞøzÇ...
A funny symbol that I can't read has just been input.
Continue, and I'll forget that it ever happened.

! Text line contains an invalid character.
l.7 ...^^@*-^^ReÂJ^^@d	sÄQA¾Œ„Ä$^^Fşw^^@^^C^^Dà€
                                                  pds$"fdd^^X@ejı»ŒÜ^^GĞøzÇz...
A funny symbol that I can't read has just been input.
Continue, and I'll forget that it ever happened.

! Text line contains an invalid character.
l.7 ...s$"fdd^^X@ejı»ŒÜ^^GĞøzÇz<Ö¿ÿş_E™Ë“p^^@€"QNá
                                                  J8Y(^^_Gõ
A funny symbol that I can't read has just been input.
Continue, and I'll forget that it ever happened.

! Text line contains an invalid character.
l.7 ...^X@ejı»ŒÜ^^GĞøzÇz<Ö¿ÿş_E™Ë“p^^@€"QNáJ8Y(^^_
                                                  Gõ
A funny symbol that I can't read has just been input.
Continue, and I'll forget that it ever happened.

! Text line contains an invalid character.
l.7 ...@ejı»ŒÜ^^GĞøzÇz<Ö¿ÿş_E™Ë“p^^@€"QNáJ8Y(^^_Gõ
                                                  
A funny symbol that I can't read has just been input.
Continue, and I'll forget that it ever happened.

! Text line contains an invalid character.
l.8 G$Î
       ^^A^^@ÙÚ
A funny symbol that I can't read has just been input.
Continue, and I'll forget that it ever happened.

! Text line contains an invalid character.
l.8 G$Î^^A
          ^^@ÙÚ
A funny symbol that I can't read has just been input.
Continue, and I'll forget that it ever happened.

! Text line contains an invalid character.
l.8 G$Î^^A^^@
             ÙÚ
A funny symbol that I can't read has just been input.
Continue, and I'll forget that it ever happened.

! Text line contains an invalid character.
l.8 G$Î^^A^^@Ù
              Ú
A funny symbol that I can't read has just been input.
Continue, and I'll forget that it ever happened.

! Text line contains an invalid character.
l.8 G$Î^^A^^@Ù
               Ú
A funny symbol that I can't read has just been input.
Continue, and I'll forget that it ever happened.

! Text line contains an invalid character.
l.8 G$Î^^A^^@ÙÚ
                
A funny symbol that I can't read has just been input.
Continue, and I'll forget that it ever happened.

! Text line contains an invalid character.
l.9 ^^W
       çˆÆù
A funny symbol that I can't read has just been input.
Continue, and I'll forget that it ever happened.

! Text line contains an invalid character.
l.9 ^^Wç
        ˆÆù
A funny symbol that I can't read has just been input.
Continue, and I'll forget that it ever happened.

! Text line contains an invalid character.
l.9 ^^Wçˆ
         Æù
A funny symbol that I can't read has just been input.
Continue, and I'll forget that it ever happened.

! Text line contains an invalid character.
l.9 ^^WçˆÆ
          ù
A funny symbol that I can't read has just been input.
Continue, and I'll forget that it ever happened.

! Text line contains an invalid character.
l.9 ^^WçˆÆù
           
A funny symbol that I can't read has just been input.
Continue, and I'll forget that it ever happened.

! Text line contains an invalid character.
l.10 Ê
      ªb´@”ŸŒsÚ$^^OsÊ^^Dc0^^S>1Q~(k^^@@ °Ùâ4^^@(F¨‘ËICãPüQ¶^^Ur^^EB”ÑïÀ‹Ãg...
A funny symbol that I can't read has just been input.
Continue, and I'll forget that it ever happened.

! Text line contains an invalid character.
l.10 Êª
       b´@”ŸŒsÚ$^^OsÊ^^Dc0^^S>1Q~(k^^@@ °Ùâ4^^@(F¨‘ËICãPüQ¶^^Ur^^EB”ÑïÀ‹Ãg...
A funny symbol that I can't read has just been input.
Continue, and I'll forget that it ever happened.

! Text line contains an invalid character.
l.10 Êªb´
         @”ŸŒsÚ$^^OsÊ^^Dc0^^S>1Q~(k^^@@ °Ùâ4^^@(F¨‘ËICãPüQ¶^^Ur^^EB”ÑïÀ‹Ãg...
A funny symbol that I can't read has just been input.
Continue, and I'll forget that it ever happened.

! Text line contains an invalid character.
l.10 Êªb´@”
           ŸŒsÚ$^^OsÊ^^Dc0^^S>1Q~(k^^@@ °Ùâ4^^@(F¨‘ËICãPüQ¶^^Ur^^EB”ÑïÀ‹Ãg...
A funny symbol that I can't read has just been input.
Continue, and I'll forget that it ever happened.

! Text line contains an invalid character.
l.10 Êªb´@”Ÿ
            ŒsÚ$^^OsÊ^^Dc0^^S>1Q~(k^^@@ °Ùâ4^^@(F¨‘ËICãPüQ¶^^Ur^^EB”ÑïÀ‹Ãg...
A funny symbol that I can't read has just been input.
Continue, and I'll forget that it ever happened.

! Text line contains an invalid character.
l.10 Êªb´@”ŸŒ
             sÚ$^^OsÊ^^Dc0^^S>1Q~(k^^@@ °Ùâ4^^@(F¨‘ËICãPüQ¶^^Ur^^EB”ÑïÀ‹Ãg...
A funny symbol that I can't read has just been input.
Continue, and I'll forget that it ever happened.

! Text line contains an invalid character.
l.10 Êªb´@”ŸŒsÚ
               $^^OsÊ^^Dc0^^S>1Q~(k^^@@ °Ùâ4^^@(F¨‘ËICãPüQ¶^^Ur^^EB”ÑïÀ‹Ãg...
A funny symbol that I can't read has just been input.
Continue, and I'll forget that it ever happened.

! Text line contains an invalid character.
l.10 Êªb´@”ŸŒsÚ$^^O
                   sÊ^^Dc0^^S>1Q~(k^^@@ °Ùâ4^^@(F¨‘ËICãPüQ¶^^Ur^^EB”ÑïÀ‹Ãg...
A funny symbol that I can't read has just been input.
Continue, and I'll forget that it ever happened.

! Text line contains an invalid character.
l.10 Êªb´@”ŸŒsÚ$^^O
                    sÊ^^Dc0^^S>1Q~(k^^@@ °Ùâ4^^@(F¨‘ËICãPüQ¶^^Ur^^EB”ÑïÀ‹Ãg...
A funny symbol that I can't read has just been input.
Continue, and I'll forget that it ever happened.

! Text line contains an invalid character.
l.10 Êªb´@”ŸŒsÚ$^^OsÊ
                      ^^Dc0^^S>1Q~(k^^@@ °Ùâ4^^@(F¨‘ËICãPüQ¶^^Ur^^EB”ÑïÀ‹Ãg...
A funny symbol that I can't read has just been input.
Continue, and I'll forget that it ever happened.

! Text line contains an invalid character.
l.10 Êªb´@”ŸŒsÚ$^^OsÊ^^D
                         c0^^S>1Q~(k^^@@ °Ùâ4^^@(F¨‘ËICãPüQ¶^^Ur^^EB”ÑïÀ‹Ãg...
A funny symbol that I can't read has just been input.
Continue, and I'll forget that it ever happened.

! Text line contains an invalid character.
l.10 Êªb´@”ŸŒsÚ$^^OsÊ^^Dc0^^S
                              >1Q~(k^^@@ °Ùâ4^^@(F¨‘ËICãPüQ¶^^Ur^^EB”ÑïÀ‹Ãg...
A funny symbol that I can't read has just been input.
Continue, and I'll forget that it ever happened.

! Text line contains an invalid character.
l.10 Êªb´@”ŸŒsÚ$^^OsÊ^^Dc0^^S>1Q~(k^^@
                                       @ °Ùâ4^^@(F¨‘ËICãPüQ¶^^Ur^^EB”ÑïÀ‹Ãg...
A funny symbol that I can't read has just been input.
Continue, and I'll forget that it ever happened.

! Text line contains an invalid character.
l.10 Êªb´@”ŸŒsÚ$^^OsÊ^^Dc0^^S>1Q~(k^^@@ 
                                         °Ùâ4^^@(F¨‘ËICãPüQ¶^^Ur^^EB”ÑïÀ‹Ãg...
A funny symbol that I can't read has just been input.
Continue, and I'll forget that it ever happened.

! Text line contains an invalid character.
l.10 Êªb´@”ŸŒsÚ$^^OsÊ^^Dc0^^S>1Q~(k^^@@ °
                                          Ùâ4^^@(F¨‘ËICãPüQ¶^^Ur^^EB”ÑïÀ‹Ãg...
A funny symbol that I can't read has just been input.
Continue, and I'll forget that it ever happened.

! Text line contains an invalid character.
l.10 Êªb´@”ŸŒsÚ$^^OsÊ^^Dc0^^S>1Q~(k^^@@ °Ù
                                           â4^^@(F¨‘ËICãPüQ¶^^Ur^^EB”ÑïÀ‹Ãg...
A funny symbol that I can't read has just been input.
Continue, and I'll forget that it ever happened.

! Text line contains an invalid character.
l.10 Êªb´@”ŸŒsÚ$^^OsÊ^^Dc0^^S>1Q~(k^^@@ °Ùâ
                                            4^^@(F¨‘ËICãPüQ¶^^Ur^^EB”ÑïÀ‹Ãg...
A funny symbol that I can't read has just been input.
Continue, and I'll forget that it ever happened.

! Text line contains an invalid character.
l.10 Êªb´@”ŸŒsÚ$^^OsÊ^^Dc0^^S>1Q~(k^^@@ °Ùâ4^^@
                                                (F¨‘ËICãPüQ¶^^Ur^^EB”ÑïÀ‹Ãg...
A funny symbol that I can't read has just been input.
Continue, and I'll forget that it ever happened.

! Text line contains an invalid character.
l.10 ...@”ŸŒsÚ$^^OsÊ^^Dc0^^S>1Q~(k^^@@ °Ùâ4^^@(F¨
                                                  ‘ËICãPüQ¶^^Ur^^EB”ÑïÀ‹Ãgs...
A funny symbol that I can't read has just been input.
Continue, and I'll forget that it ever happened.

! Text line contains an invalid character.
l.10 ...”ŸŒsÚ$^^OsÊ^^Dc0^^S>1Q~(k^^@@ °Ùâ4^^@(F¨
                                                  ‘ËICãPüQ¶^^Ur^^EB”ÑïÀ‹ÃgsQ...
A funny symbol that I can't read has just been input.
Continue, and I'll forget that it ever happened.

! Text line contains an invalid character.
l.10 ...ŸŒsÚ$^^OsÊ^^Dc0^^S>1Q~(k^^@@ °Ùâ4^^@(F¨‘
                                                  ËICãPüQ¶^^Ur^^EB”ÑïÀ‹ÃgsQF...
A funny symbol that I can't read has just been input.
Continue, and I'll forget that it ever happened.

! Text line contains an invalid character.
l.10 ...ŒsÚ$^^OsÊ^^Dc0^^S>1Q~(k^^@@ °Ùâ4^^@(F¨‘Ë
                                                  ICãPüQ¶^^Ur^^EB”ÑïÀ‹ÃgsQFó...
A funny symbol that I can't read has just been input.
Continue, and I'll forget that it ever happened.

! Text line contains an invalid character.
l.10 ...$^^OsÊ^^Dc0^^S>1Q~(k^^@@ °Ùâ4^^@(F¨‘ËICã
                                                  PüQ¶^^Ur^^EB”ÑïÀ‹ÃgsQFó^^B...
A funny symbol that I can't read has just been input.
Continue, and I'll forget that it ever happened.

! Text line contains an invalid character.
l.10 ...^OsÊ^^Dc0^^S>1Q~(k^^@@ °Ùâ4^^@(F¨‘ËICãPü
                                                  Q¶^^Ur^^EB”ÑïÀ‹ÃgsQFó^^B«¬...
A funny symbol that I can't read has just been input.
Continue, and I'll forget that it ever happened.

! Text line contains an invalid character.
l.10 ...sÊ^^Dc0^^S>1Q~(k^^@@ °Ùâ4^^@(F¨‘ËICãPüQ¶
                                                  ^^Ur^^EB”ÑïÀ‹ÃgsQFó^^B«¬¬ì...
A funny symbol that I can't read has just been input.
Continue, and I'll forget that it ever happened.

! Text line contains an invalid character.
l.10 ...^^Dc0^^S>1Q~(k^^@@ °Ùâ4^^@(F¨‘ËICãPüQ¶^^U
                                                  r^^EB”ÑïÀ‹ÃgsQFó^^B«¬¬ìq–¡...
A funny symbol that I can't read has just been input.
Continue, and I'll forget that it ever happened.

! Text line contains an invalid character.
l.10 ...0^^S>1Q~(k^^@@ °Ùâ4^^@(F¨‘ËICãPüQ¶^^Ur^^E
                                                  B”ÑïÀ‹ÃgsQFó^^B«¬¬ìq–¡l–ò—...
A funny symbol that I can't read has just been input.
Continue, and I'll forget that it ever happened.

! Text line contains an invalid character.
l.10 ...^S>1Q~(k^^@@ °Ùâ4^^@(F¨‘ËICãPüQ¶^^Ur^^EB”
                                                  ÑïÀ‹ÃgsQFó^^B«¬¬ìq–¡l–ò—8i...
A funny symbol that I can't read has just been input.
Continue, and I'll forget that it ever happened.

! Text line contains an invalid character.
l.10 ...S>1Q~(k^^@@ °Ùâ4^^@(F¨‘ËICãPüQ¶^^Ur^^EB”Ñ
                                                  ïÀ‹ÃgsQFó^^B«¬¬ìq–¡l–ò—8i^...
A funny symbol that I can't read has just been input.
Continue, and I'll forget that it ever happened.

! Text line contains an invalid character.
l.10 ...>1Q~(k^^@@ °Ùâ4^^@(F¨‘ËICãPüQ¶^^Ur^^EB”Ñï
                                                  À‹ÃgsQFó^^B«¬¬ìq–¡l–ò—8i^^...
A funny symbol that I can't read has just been input.
Continue, and I'll forget that it ever happened.

! Text line contains an invalid character.
l.10 ...1Q~(k^^@@ °Ùâ4^^@(F¨‘ËICãPüQ¶^^Ur^^EB”ÑïÀ
                                                  ‹ÃgsQFó^^B«¬¬ìq–¡l–ò—8i^^?...
A funny symbol that I can't read has just been input.
Continue, and I'll forget that it ever happened.

! Text line contains an invalid character.
l.10 ...Q~(k^^@@ °Ùâ4^^@(F¨‘ËICãPüQ¶^^Ur^^EB”ÑïÀ‹
                                                  ÃgsQFó^^B«¬¬ìq–¡l–ò—8i^^?‹...
A funny symbol that I can't read has just been input.
Continue, and I'll forget that it ever happened.

! Text line contains an invalid character.
l.10 ...~(k^^@@ °Ùâ4^^@(F¨‘ËICãPüQ¶^^Ur^^EB”ÑïÀ‹Ã
                                                  gsQFó^^B«¬¬ìq–¡l–ò—8i^^?‹™...
A funny symbol that I can't read has just been input.
Continue, and I'll forget that it ever happened.

! Text line contains an invalid character.
l.10 ...@@ °Ùâ4^^@(F¨‘ËICãPüQ¶^^Ur^^EB”ÑïÀ‹ÃgsQFó
                                                  ^^B«¬¬ìq–¡l–ò—8i^^?‹™"Éf§...
A funny symbol that I can't read has just been input.
Continue, and I'll forget that it ever happened.

! Text line contains an invalid character.
l.10 ...°Ùâ4^^@(F¨‘ËICãPüQ¶^^Ur^^EB”ÑïÀ‹ÃgsQFó^^B
                                                  «¬¬ìq–¡l–ò—8i^^?‹™"Éf§Éyò...
A funny symbol that I can't read has just been input.
Continue, and I'll forget that it ever happened.

! Text line contains an invalid character.
l.10 ...Ùâ4^^@(F¨‘ËICãPüQ¶^^Ur^^EB”ÑïÀ‹ÃgsQFó^^B«
                                                  ¬¬ìq–¡l–ò—8i^^?‹™"Éf§Éyò,...
A funny symbol that I can't read has just been input.
Continue, and I'll forget that it ever happened.

! Text line contains an invalid character.
l.10 ...â4^^@(F¨‘ËICãPüQ¶^^Ur^^EB”ÑïÀ‹ÃgsQFó^^B«¬
                                                  ¬ìq–¡l–ò—8i^^?‹™"Éf§Éyò,^...
A funny symbol that I can't read has just been input.
Continue, and I'll forget that it ever happened.

! Text line contains an invalid character.
l.10 ...4^^@(F¨‘ËICãPüQ¶^^Ur^^EB”ÑïÀ‹ÃgsQFó^^B«¬¬
                                                  ìq–¡l–ò—8i^^?‹™"Éf§Éyò,^^...
A funny symbol that I can't read has just been input.
Continue, and I'll forget that it ever happened.

! Text line contains an invalid character.
l.10 ...^^@(F¨‘ËICãPüQ¶^^Ur^^EB”ÑïÀ‹ÃgsQFó^^B«¬¬ì
                                                  q–¡l–ò—8i^^?‹™"Éf§Éyò,^^S...
A funny symbol that I can't read has just been input.
Continue, and I'll forget that it ever happened.

! Text line contains an invalid character.
l.10 ...@(F¨‘ËICãPüQ¶^^Ur^^EB”ÑïÀ‹ÃgsQFó^^B«¬¬ìq–
                                                  ¡l–ò—8i^^?‹™"Éf§Éyò,^^SBğ...
A funny symbol that I can't read has just been input.
Continue, and I'll forget that it ever happened.

! Text line contains an invalid character.
l.10 ...(F¨‘ËICãPüQ¶^^Ur^^EB”ÑïÀ‹ÃgsQFó^^B«¬¬ìq–¡
                                                  l–ò—8i^^?‹™"Éf§Éyò,^^SBğ^...
A funny symbol that I can't read has just been input.
Continue, and I'll forget that it ever happened.

! Text line contains an invalid character.
l.10 ...¨‘ËICãPüQ¶^^Ur^^EB”ÑïÀ‹ÃgsQFó^^B«¬¬ìq–¡l–
                                                  ò—8i^^?‹™"Éf§Éyò,^^SBğ^^W...
A funny symbol that I can't read has just been input.
Continue, and I'll forget that it ever happened.

! Text line contains an invalid character.
l.10 ...‘ËICãPüQ¶^^Ur^^EB”ÑïÀ‹ÃgsQFó^^B«¬¬ìq–¡l–ò
                                                  —8i^^?‹™"Éf§Éyò,^^SBğ^^WH...
A funny symbol that I can't read has just been input.
Continue, and I'll forget that it ever happened.

! Text line contains an invalid character.
l.10 ...‘ËICãPüQ¶^^Ur^^EB”ÑïÀ‹ÃgsQFó^^B«¬¬ìq–¡l–ò—
                                                  8i^^?‹™"Éf§Éyò,^^SBğ^^WHD...
A funny symbol that I can't read has just been input.
Continue, and I'll forget that it ever happened.

! Text line contains an invalid character.
l.10 ...PüQ¶^^Ur^^EB”ÑïÀ‹ÃgsQFó^^B«¬¬ìq–¡l–ò—8i^^?
                                                  ‹™"Éf§Éyò,^^SBğ^^WHD™ì¥ÿç...
A funny symbol that I can't read has just been input.
Continue, and I'll forget that it ever happened.

! Text line contains an invalid character.
l.10 ...üQ¶^^Ur^^EB”ÑïÀ‹ÃgsQFó^^B«¬¬ìq–¡l–ò—8i^^?‹
                                                  ™"Éf§Éyò,^^SBğ^^WHD™ì¥ÿçu...
A funny symbol that I can't read has just been input.
Continue, and I'll forget that it ever happened.

! Text line contains an invalid character.
l.10 ...Q¶^^Ur^^EB”ÑïÀ‹ÃgsQFó^^B«¬¬ìq–¡l–ò—8i^^?‹™
                                                  "Éf§Éyò,^^SBğ^^WHD™ì¥ÿçuü...
A funny symbol that I can't read has just been input.
Continue, and I'll forget that it ever happened.

! Text line contains an invalid character.
l.10 ...ÆÏa0Ñ.ã1XB^^UÃŞÖŞ^^V€ñ|^^Rï^^_Lô"D'LÛ
                                                  ²Ñ3{<^^E^^@VŸ¶¥^^X^^CĞ4^^W...
A funny symbol that I can't read has just been input.
Continue, and I'll forget that it ever happened.

! Text line contains an invalid character.
l.10 ...ÆÏa0Ñ.ã1XB^^UÃŞÖŞ^^V€ñ|^^Rï^^_Lô"D'LÛ²
                                                  Ñ3{<^^E^^@VŸ¶¥^^X^^CĞ4^^W^...
A funny symbol that I can't read has just been input.
Continue, and I'll forget that it ever happened.

! Text line contains an invalid character.
l.10 ...Ïa0Ñ.ã1XB^^UÃŞÖŞ^^V€ñ|^^Rï^^_Lô"D'LÛ²Ñ
                                                  3{<^^E^^@VŸ¶¥^^X^^CĞ4^^W^^...
A funny symbol that I can't read has just been input.
Continue, and I'll forget that it ever happened.

! Text line contains an invalid character.
l.10 ...1XB^^UÃŞÖŞ^^V€ñ|^^Rï^^_Lô"D'LÛ²Ñ3{<^^E
                                                  ^^@VŸ¶¥^^X^^CĞ4^^W^^@¥‚i›±...
A funny symbol that I can't read has just been input.
Continue, and I'll forget that it ever happened.

! Text line contains an invalid character.
l.10 ...^^UÃŞÖŞ^^V€ñ|^^Rï^^_Lô"D'LÛ²Ñ3{<^^E^^@
                                                  VŸ¶¥^^X^^CĞ4^^W^^@¥‚i›±^^@...
A funny symbol that I can't read has just been input.
Continue, and I'll forget that it ever happened.

! Text line contains an invalid character.
l.10 ...^^UÃŞÖŞ^^V€ñ|^^Rï^^_Lô"D'LÛ²Ñ3{<^^E^^@VŸ
                                                  ¶¥^^X^^CĞ4^^W^^@¥‚i›±^^@^^...
A funny symbol that I can't read has just been input.
Continue, and I'll forget that it ever happened.

! Text line contains an invalid character.
l.10 ...^UÃŞÖŞ^^V€ñ|^^Rï^^_Lô"D'LÛ²Ñ3{<^^E^^@VŸ¶
                                                  ¥^^X^^CĞ4^^W^^@¥‚i›±^^@^^@...
A funny symbol that I can't read has just been input.
Continue, and I'll forget that it ever happened.

! Text line contains an invalid character.
l.10 ...UÃŞÖŞ^^V€ñ|^^Rï^^_Lô"D'LÛ²Ñ3{<^^E^^@VŸ¶¥
                                                  ^^X^^CĞ4^^W^^@¥‚i›±^^@^^@*...
A funny symbol that I can't read has just been input.
Continue, and I'll forget that it ever happened.

! Text line contains an invalid character.
l.10 ...ÖŞ^^V€ñ|^^Rï^^_Lô"D'LÛ²Ñ3{<^^E^^@VŸ¶¥^^X
                                                  ^^CĞ4^^W^^@¥‚i›±^^@^^@*Úcm...
A funny symbol that I can't read has just been input.
Continue, and I'll forget that it ever happened.

! Text line contains an invalid character.
l.10 ...^V€ñ|^^Rï^^_Lô"D'LÛ²Ñ3{<^^E^^@VŸ¶¥^^X^^C
                                                  Ğ4^^W^^@¥‚i›±^^@^^@*Úcm%^^...
A funny symbol that I can't read has just been input.
Continue, and I'll forget that it ever happened.

! Text line contains an invalid character.
l.10 ...V€ñ|^^Rï^^_Lô"D'LÛ²Ñ3{<^^E^^@VŸ¶¥^^X^^CĞ
                                                  4^^W^^@¥‚i›±^^@^^@*Úcm%^^\...
(That makes 100 errors; please try again.)
